c:\users\кнышенкод\documents\visual studio 2015\projects\mfc_exam\mfc_exam\debug\mfc_exam.pch
c:\users\кнышенкод\documents\visual studio 2015\projects\mfc_exam\mfc_exam\debug\vc140.pdb
c:\users\кнышенкод\documents\visual studio 2015\projects\mfc_exam\mfc_exam\debug\vc140.idb
c:\users\кнышенкод\documents\visual studio 2015\projects\mfc_exam\mfc_exam\debug\stdafx.obj
c:\users\кнышенкод\documents\visual studio 2015\projects\mfc_exam\mfc_exam\debug\examdialogfirst.obj
c:\users\кнышенкод\documents\visual studio 2015\projects\mfc_exam\mfc_exam\debug\mfc_exam.obj
c:\users\кнышенкод\documents\visual studio 2015\projects\mfc_exam\mfc_exam\debug\examdialogsecond.obj
c:\users\кнышенкод\documents\visual studio 2015\projects\mfc_exam\mfc_exam\debug\examdialogthird.obj
c:\users\кнышенкод\documents\visual studio 2015\projects\mfc_exam\mfc_exam\debug\mfc_exam.res
c:\users\кнышенкод\documents\visual studio 2015\projects\mfc_exam\debug\mfc_exam.pdb
c:\users\кнышенкод\documents\visual studio 2015\projects\mfc_exam\mfc_exam\debug\mfc_exam.tlog\cl.command.1.tlog
c:\users\кнышенкод\documents\visual studio 2015\projects\mfc_exam\mfc_exam\debug\mfc_exam.tlog\cl.read.1.tlog
c:\users\кнышенкод\documents\visual studio 2015\projects\mfc_exam\mfc_exam\debug\mfc_exam.tlog\cl.write.1.tlog
c:\users\кнышенкод\documents\visual studio 2015\projects\mfc_exam\mfc_exam\debug\mfc_exam.tlog\link-cvtres.read.1.tlog
c:\users\кнышенкод\documents\visual studio 2015\projects\mfc_exam\mfc_exam\debug\mfc_exam.tlog\link-cvtres.write.1.tlog
c:\users\кнышенкод\documents\visual studio 2015\projects\mfc_exam\mfc_exam\debug\mfc_exam.tlog\link-mt.read.1.tlog
c:\users\кнышенкод\documents\visual studio 2015\projects\mfc_exam\mfc_exam\debug\mfc_exam.tlog\link-mt.write.1.tlog
c:\users\кнышенкод\documents\visual studio 2015\projects\mfc_exam\mfc_exam\debug\mfc_exam.tlog\link-rc.read.1.tlog
c:\users\кнышенкод\documents\visual studio 2015\projects\mfc_exam\mfc_exam\debug\mfc_exam.tlog\link-rc.write.1.tlog
c:\users\кнышенкод\documents\visual studio 2015\projects\mfc_exam\mfc_exam\debug\mfc_exam.tlog\link.10112-cvtres.read.1.tlog
c:\users\кнышенкод\documents\visual studio 2015\projects\mfc_exam\mfc_exam\debug\mfc_exam.tlog\link.10112-cvtres.write.1.tlog
c:\users\кнышенкод\documents\visual studio 2015\projects\mfc_exam\mfc_exam\debug\mfc_exam.tlog\link.10112-mt.read.1.tlog
c:\users\кнышенкод\documents\visual studio 2015\projects\mfc_exam\mfc_exam\debug\mfc_exam.tlog\link.10112-mt.write.1.tlog
c:\users\кнышенкод\documents\visual studio 2015\projects\mfc_exam\mfc_exam\debug\mfc_exam.tlog\link.10112-rc.read.1.tlog
c:\users\кнышенкод\documents\visual studio 2015\projects\mfc_exam\mfc_exam\debug\mfc_exam.tlog\link.10112-rc.write.1.tlog
c:\users\кнышенкод\documents\visual studio 2015\projects\mfc_exam\mfc_exam\debug\mfc_exam.tlog\link.10112.read.1.tlog
c:\users\кнышенкод\documents\visual studio 2015\projects\mfc_exam\mfc_exam\debug\mfc_exam.tlog\link.10112.write.1.tlog
c:\users\кнышенкод\documents\visual studio 2015\projects\mfc_exam\mfc_exam\debug\mfc_exam.tlog\link.command.1.tlog
c:\users\кнышенкод\documents\visual studio 2015\projects\mfc_exam\mfc_exam\debug\mfc_exam.tlog\link.read.1.tlog
c:\users\кнышенкод\documents\visual studio 2015\projects\mfc_exam\mfc_exam\debug\mfc_exam.tlog\link.write.1.tlog
c:\users\кнышенкод\documents\visual studio 2015\projects\mfc_exam\mfc_exam\debug\mfc_exam.tlog\rc.command.1.tlog
c:\users\кнышенкод\documents\visual studio 2015\projects\mfc_exam\mfc_exam\debug\mfc_exam.tlog\rc.read.1.tlog
c:\users\кнышенкод\documents\visual studio 2015\projects\mfc_exam\mfc_exam\debug\mfc_exam.tlog\rc.write.1.tlog
